src/app/(dashboard)/brand/campaigns/[id]/page.tsx(96,31): error TS2339: Property 'portfolio_url' does not exist on type 'ProfileCreator'.
src/app/(dashboard)/brand/campaigns/[id]/page.tsx(97,42): error TS2339: Property 'portfolio_url' does not exist on type 'ProfileCreator'.
src/lib/demo/demoData.ts(62,5): error TS2740: Type '{ id: string; brand_id: string; title: string; description: string; product_name: string; product_description: string; product_requires_shipping: true; format: "9_16"; script_type: "testimonial"; ... 19 more ...; updated_at: string; }' is missing the following properties from type 'Campaign': brief_feedback_notes, brief_feedback_at, proposed_creator_ids, brand_profile_selection_at, and 6 more.
src/lib/demo/demoData.ts(93,5): error TS2740: Type '{ id: string; brand_id: string; title: string; description: string; product_name: string; product_description: string; product_requires_shipping: true; format: "9_16"; script_type: "asmr"; script_notes: null; ... 18 more ...; updated_at: string; }' is missing the following properties from type 'Campaign': brief_feedback_notes, brief_feedback_at, proposed_creator_ids, brand_profile_selection_at, and 6 more.
src/lib/demo/demoData.ts(124,5): error TS2740: Type '{ id: string; brand_id: string; title: string; description: string; product_name: string; product_description: string; product_requires_shipping: true; format: "16_9"; script_type: "tutorial"; ... 19 more ...; updated_at: string; }' is missing the following properties from type 'Campaign': brief_feedback_notes, brief_feedback_at, proposed_creator_ids, brand_profile_selection_at, and 6 more.
src/lib/demo/demoData.ts(155,5): error TS2740: Type '{ id: string; brand_id: string; title: string; description: string; product_name: string; product_description: string; product_requires_shipping: true; format: "9_16"; script_type: "unboxing"; ... 19 more ...; updated_at: string; }' is missing the following properties from type 'Campaign': brief_feedback_notes, brief_feedback_at, proposed_creator_ids, brand_profile_selection_at, and 6 more.
src/lib/demo/demoData.ts(312,9): error TS2322: Type '{ id: string; brand_id: string; title: string; description: string; product_name: string; product_description: string; product_requires_shipping: true; format: "9_16"; script_type: "lifestyle"; ... 20 more ...; brand: { ...; }; }' is not assignable to type 'Campaign & { brand: User & { profiles_brand: ProfileBrand; }; }'.
  Type '{ id: string; brand_id: string; title: string; description: string; product_name: string; product_description: string; product_requires_shipping: true; format: "9_16"; script_type: "lifestyle"; ... 20 more ...; brand: { ...; }; }' is missing the following properties from type 'Campaign': brief_feedback_notes, brief_feedback_at, proposed_creator_ids, brand_profile_selection_at, and 6 more.
src/lib/demo/demoData.ts(365,9): error TS2322: Type '{ id: string; brand_id: string; title: string; description: string; product_name: string; product_description: string; product_requires_shipping: true; format: "9_16"; script_type: "review"; ... 20 more ...; brand: { ...; }; }' is not assignable to type 'Campaign & { brand: User & { profiles_brand: ProfileBrand; }; }'.
  Type '{ id: string; brand_id: string; title: string; description: string; product_name: string; product_description: string; product_requires_shipping: true; format: "9_16"; script_type: "review"; ... 20 more ...; brand: { ...; }; }' is missing the following properties from type 'Campaign': brief_feedback_notes, brief_feedback_at, proposed_creator_ids, brand_profile_selection_at, and 6 more.
